------------------------------
---       Statistics       ---
------------------------------

Unified Cache - Level 1
  Read Access: 400
  Read Cycles: 400
  Read Time: 400
  Write Access: 0
  Write Cycles: 0
  Write Time: 0
  Total Access: 400
  Total Hit: 0
  Total Miss: 400
  Hit/rate: 0.0
  Total Time: 400

Unified Cache - Level 2
  Read Access: 400
  Read Cycles: 400
  Read Time: 400
  Write Access: 0
  Write Cycles: 0
  Write Time: 0
  Total Access: 400
  Total Hit: 396
  Total Miss: 4
  Hit/rate: 0.99
  Total Time: 400

Main Memory
  Read Access: 4
  Read Cycles: 4
  Read Time: 40
  Write Access: 0
  Write Cycles: 0
  Write Time: 0
  Total Access: 4
  Total Time: 40

 Total Time: 840