------------------------------
---       Statistics       ---
------------------------------

Main Memory
  Read Access: 7
  Read Cycles: 7
  Read Time: 70
  Write Access: 0
  Write Cycles: 0
  Write Time: 0
  Total Access: 7
  Total Time: 70

Disk
  Read Access: 0
  Read Cycles: 0
  Read Time: 0
  Write Access: 0
  Write Cycles: 0
  Write Time: 0
  Total Time: 0

Page Table
  Read Access: 2
  Read Cycles: 2
  Read Time: 20
  Write Access: 0
  Write Cycles: 0
  Write Time: 0
  Total Access: 2
  Page Fault: 0
  Total Time: 20

TLB
  Read Access: 5
  Read Cycles: 5
  Read Time: 5
  Write Access: 2
  Write Cycles: 4
  Write Time: 4
  Total Access: 5
  Total Hit: 3
  Total Miss: 2
  Hit rate: 0.6
  Total Time: 9

 Total Time: 79