------------------------------
---       Statistics       ---
------------------------------

Main Memory
  Read Access: 59
  Read Cycles: 59
  Read Time: 590
  Write Access: 35
  Write Cycles: 70
  Write Time: 700
  Total Access: 94
  Total Time: 1290

Disk
  Read Access: 3
  Read Cycles: 3
  Read Time: 300
  Write Access: 3
  Write Cycles: 6
  Write Time: 600
  Total Time: 900

Page Table
  Read Access: 20
  Read Cycles: 20
  Read Time: 200
  Write Access: 6
  Write Cycles: 12
  Write Time: 120
  Total Access: 20
  Page Fault: 3
  Total Time: 320

 Total Time: 2190