------------------------------------
--- File created by Amnesia tool ---
------------------------------------


----------------------------------
--- Architecture Configuration ---
----------------------------------

--- Main Memory ---

Memory size: 32 word(s) 
Block size: 8 word(s)/block 
Cycles per access read: 1 unity 
Cycles per access write: 2 unity 
Time cycle: 10 time unity 

--- Cache Memory ---

Cache type: UNIFIED / Level: 1 
Memory size: 8 word(s) 
Block size: 8 word(s)/block 
Cycles per access read: 1 unity 
Cycles per access write: 2 unity 
Time cicle: 1 time unity 
Associativity level: 1 block(s)/set 
Write policy: WriteThrough 
Replacement algorithm: FIFO 


-------------------------
---       Trace       ---
-------------------------

2 1
2 5
2 1
2 2
2 7
2 a
2 1
2 2
2 6
2 4
2 2
2 5
2 f
2 1
2 4
2 f
2 7
2 c
2 d
2 1
2 2
2 f
2 1
2 7
2 2
2 c
2 6
2 1
2 7
2 8

------------------------------
---      Execution Log     ---
------------------------------

Location: MAINMEMORY
Action = Stored data in Main Memory  
Block = 0 


Location: MAINMEMORY
Action = Stored data in Main Memory  
Block = 1 


----------------------- Step: 001 to 030 || Trace: 2 1 -----------------------

Location: CACHE
 Action = load operation  -  Access Type = miss 
 Cache Type = Accessing Unified Cache  -  Cache Level = 1 
|-------------------------------------------------------------------------------------|
|                         Byte Address: 000000000000000000000000000001XX (32 bits)    |
|                         Word Address: 000000000000000000000000000001   (30 bits)    |
|-------------------------------------------------------------------------------------|
|                              Block                              |   Word  |   Byte  |
|               Tag              |              Set               |  OffSet |  OffSet |
|-------------------------------------------------------------------------------------|
|     000000000000000000000000000|                             ---|      001|      XX |
|-------------------------------------------------------------------------------------|
|                         27 bits|                          0 bits|   3 bits|   2 bits|
|-------------------------------------------------------------------------------------|

Location: MAINMEMORY
Action = Loading data from Main Memory  
Block = 0 


Location: CACHE
 Action = store operation  -  Access Type = miss 
 Cache Type = Accessing Unified Cache  -  Cache Level = 1 
|-------------------------------------------------------------------------------------|
|                         Byte Address: 000000000000000000000000000001XX (32 bits)    |
|                         Word Address: 000000000000000000000000000001   (30 bits)    |
|-------------------------------------------------------------------------------------|
|                              Block                              |   Word  |   Byte  |
|               Tag              |              Set               |  OffSet |  OffSet |
|-------------------------------------------------------------------------------------|
|     000000000000000000000000000|                             ---|      001|      XX |
|-------------------------------------------------------------------------------------|
|                         27 bits|                          0 bits|   3 bits|   2 bits|
|-------------------------------------------------------------------------------------|

----------------------- Step: 002 to 030 || Trace: 2 5 -----------------------

Location: CACHE
 Action = load operation  -  Access Type = hit 
 Cache Type = Accessing Unified Cache  -  Cache Level = 1 
|-------------------------------------------------------------------------------------|
|                         Byte Address: 000000000000000000000000000101XX (32 bits)    |
|                         Word Address: 000000000000000000000000000101   (30 bits)    |
|-------------------------------------------------------------------------------------|
|                              Block                              |   Word  |   Byte  |
|               Tag              |              Set               |  OffSet |  OffSet |
|-------------------------------------------------------------------------------------|
|     000000000000000000000000000|                             ---|      101|      XX |
|-------------------------------------------------------------------------------------|
|                         27 bits|                          0 bits|   3 bits|   2 bits|
|-------------------------------------------------------------------------------------|

----------------------- Step: 003 to 030 || Trace: 2 1 -----------------------

Location: CACHE
 Action = load operation  -  Access Type = hit 
 Cache Type = Accessing Unified Cache  -  Cache Level = 1 
|-------------------------------------------------------------------------------------|
|                         Byte Address: 000000000000000000000000000001XX (32 bits)    |
|                         Word Address: 000000000000000000000000000001   (30 bits)    |
|-------------------------------------------------------------------------------------|
|                              Block                              |   Word  |   Byte  |
|               Tag              |              Set               |  OffSet |  OffSet |
|-------------------------------------------------------------------------------------|
|     000000000000000000000000000|                             ---|      001|      XX |
|-------------------------------------------------------------------------------------|
|                         27 bits|                          0 bits|   3 bits|   2 bits|
|-------------------------------------------------------------------------------------|

----------------------- Step: 004 to 030 || Trace: 2 2 -----------------------

Location: CACHE
 Action = load operation  -  Access Type = hit 
 Cache Type = Accessing Unified Cache  -  Cache Level = 1 
|-------------------------------------------------------------------------------------|
|                         Byte Address: 000000000000000000000000000010XX (32 bits)    |
|                         Word Address: 000000000000000000000000000010   (30 bits)    |
|-------------------------------------------------------------------------------------|
|                              Block                              |   Word  |   Byte  |
|               Tag              |              Set               |  OffSet |  OffSet |
|-------------------------------------------------------------------------------------|
|     000000000000000000000000000|                             ---|      010|      XX |
|-------------------------------------------------------------------------------------|
|                         27 bits|                          0 bits|   3 bits|   2 bits|
|-------------------------------------------------------------------------------------|

----------------------- Step: 005 to 030 || Trace: 2 7 -----------------------

Location: CACHE
 Action = load operation  -  Access Type = hit 
 Cache Type = Accessing Unified Cache  -  Cache Level = 1 
|-------------------------------------------------------------------------------------|
|                         Byte Address: 000000000000000000000000000111XX (32 bits)    |
|                         Word Address: 000000000000000000000000000111   (30 bits)    |
|-------------------------------------------------------------------------------------|
|                              Block                              |   Word  |   Byte  |
|               Tag              |              Set               |  OffSet |  OffSet |
|-------------------------------------------------------------------------------------|
|     000000000000000000000000000|                             ---|      111|      XX |
|-------------------------------------------------------------------------------------|
|                         27 bits|                          0 bits|   3 bits|   2 bits|
|-------------------------------------------------------------------------------------|

----------------------- Step: 006 to 030 || Trace: 2 a -----------------------

Location: CACHE
 Action = load operation  -  Access Type = miss 
 Cache Type = Accessing Unified Cache  -  Cache Level = 1 
|-------------------------------------------------------------------------------------|
|                         Byte Address: 000000000000000000000000001010XX (32 bits)    |
|                         Word Address: 000000000000000000000000001010   (30 bits)    |
|-------------------------------------------------------------------------------------|
|                              Block                              |   Word  |   Byte  |
|               Tag              |              Set               |  OffSet |  OffSet |
|-------------------------------------------------------------------------------------|
|     000000000000000000000000001|                             ---|      010|      XX |
|-------------------------------------------------------------------------------------|
|                         27 bits|                          0 bits|   3 bits|   2 bits|
|-------------------------------------------------------------------------------------|

Location: MAINMEMORY
Action = Loading data from Main Memory  
Block = 1 


Location: CACHE
 Action = store operation  -  Access Type = miss 
 Cache Type = Accessing Unified Cache  -  Cache Level = 1 
|-------------------------------------------------------------------------------------|
|                         Byte Address: 000000000000000000000000001010XX (32 bits)    |
|                         Word Address: 000000000000000000000000001010   (30 bits)    |
|-------------------------------------------------------------------------------------|
|                              Block                              |   Word  |   Byte  |
|               Tag              |              Set               |  OffSet |  OffSet |
|-------------------------------------------------------------------------------------|
|     000000000000000000000000001|                             ---|      010|      XX |
|-------------------------------------------------------------------------------------|
|                         27 bits|                          0 bits|   3 bits|   2 bits|
|-------------------------------------------------------------------------------------|

----------------------- Step: 007 to 030 || Trace: 2 1 -----------------------

Location: CACHE
 Action = load operation  -  Access Type = miss 
 Cache Type = Accessing Unified Cache  -  Cache Level = 1 
|-------------------------------------------------------------------------------------|
|                         Byte Address: 000000000000000000000000000001XX (32 bits)    |
|                         Word Address: 000000000000000000000000000001   (30 bits)    |
|-------------------------------------------------------------------------------------|
|                              Block                              |   Word  |   Byte  |
|               Tag              |              Set               |  OffSet |  OffSet |
|-------------------------------------------------------------------------------------|
|     000000000000000000000000000|                             ---|      001|      XX |
|-------------------------------------------------------------------------------------|
|                         27 bits|                          0 bits|   3 bits|   2 bits|
|-------------------------------------------------------------------------------------|

Location: MAINMEMORY
Action = Loading data from Main Memory  
Block = 0 


Location: CACHE
 Action = store operation  -  Access Type = miss 
 Cache Type = Accessing Unified Cache  -  Cache Level = 1 
|-------------------------------------------------------------------------------------|
|                         Byte Address: 000000000000000000000000000001XX (32 bits)    |
|                         Word Address: 000000000000000000000000000001   (30 bits)    |
|-------------------------------------------------------------------------------------|
|                              Block                              |   Word  |   Byte  |
|               Tag              |              Set               |  OffSet |  OffSet |
|-------------------------------------------------------------------------------------|
|     000000000000000000000000000|                             ---|      001|      XX |
|-------------------------------------------------------------------------------------|
|                         27 bits|                          0 bits|   3 bits|   2 bits|
|-------------------------------------------------------------------------------------|

----------------------- Step: 008 to 030 || Trace: 2 2 -----------------------

Location: CACHE
 Action = load operation  -  Access Type = hit 
 Cache Type = Accessing Unified Cache  -  Cache Level = 1 
|-------------------------------------------------------------------------------------|
|                         Byte Address: 000000000000000000000000000010XX (32 bits)    |
|                         Word Address: 000000000000000000000000000010   (30 bits)    |
|-------------------------------------------------------------------------------------|
|                              Block                              |   Word  |   Byte  |
|               Tag              |              Set               |  OffSet |  OffSet |
|-------------------------------------------------------------------------------------|
|     000000000000000000000000000|                             ---|      010|      XX |
|-------------------------------------------------------------------------------------|
|                         27 bits|                          0 bits|   3 bits|   2 bits|
|-------------------------------------------------------------------------------------|

----------------------- Step: 009 to 030 || Trace: 2 6 -----------------------

Location: CACHE
 Action = load operation  -  Access Type = hit 
 Cache Type = Accessing Unified Cache  -  Cache Level = 1 
|-------------------------------------------------------------------------------------|
|                         Byte Address: 000000000000000000000000000110XX (32 bits)    |
|                         Word Address: 000000000000000000000000000110   (30 bits)    |
|-------------------------------------------------------------------------------------|
|                              Block                              |   Word  |   Byte  |
|               Tag              |              Set               |  OffSet |  OffSet |
|-------------------------------------------------------------------------------------|
|     000000000000000000000000000|                             ---|      110|      XX |
|-------------------------------------------------------------------------------------|
|                         27 bits|                          0 bits|   3 bits|   2 bits|
|-------------------------------------------------------------------------------------|

----------------------- Step: 010 to 030 || Trace: 2 4 -----------------------

Location: CACHE
 Action = load operation  -  Access Type = hit 
 Cache Type = Accessing Unified Cache  -  Cache Level = 1 
|-------------------------------------------------------------------------------------|
|                         Byte Address: 000000000000000000000000000100XX (32 bits)    |
|                         Word Address: 000000000000000000000000000100   (30 bits)    |
|-------------------------------------------------------------------------------------|
|                              Block                              |   Word  |   Byte  |
|               Tag              |              Set               |  OffSet |  OffSet |
|-------------------------------------------------------------------------------------|
|     000000000000000000000000000|                             ---|      100|      XX |
|-------------------------------------------------------------------------------------|
|                         27 bits|                          0 bits|   3 bits|   2 bits|
|-------------------------------------------------------------------------------------|

----------------------- Step: 011 to 030 || Trace: 2 2 -----------------------

Location: CACHE
 Action = load operation  -  Access Type = hit 
 Cache Type = Accessing Unified Cache  -  Cache Level = 1 
|-------------------------------------------------------------------------------------|
|                         Byte Address: 000000000000000000000000000010XX (32 bits)    |
|                         Word Address: 000000000000000000000000000010   (30 bits)    |
|-------------------------------------------------------------------------------------|
|                              Block                              |   Word  |   Byte  |
|               Tag              |              Set               |  OffSet |  OffSet |
|-------------------------------------------------------------------------------------|
|     000000000000000000000000000|                             ---|      010|      XX |
|-------------------------------------------------------------------------------------|
|                         27 bits|                          0 bits|   3 bits|   2 bits|
|-------------------------------------------------------------------------------------|

----------------------- Step: 012 to 030 || Trace: 2 5 -----------------------

Location: CACHE
 Action = load operation  -  Access Type = hit 
 Cache Type = Accessing Unified Cache  -  Cache Level = 1 
|-------------------------------------------------------------------------------------|
|                         Byte Address: 000000000000000000000000000101XX (32 bits)    |
|                         Word Address: 000000000000000000000000000101   (30 bits)    |
|-------------------------------------------------------------------------------------|
|                              Block                              |   Word  |   Byte  |
|               Tag              |              Set               |  OffSet |  OffSet |
|-------------------------------------------------------------------------------------|
|     000000000000000000000000000|                             ---|      101|      XX |
|-------------------------------------------------------------------------------------|
|                         27 bits|                          0 bits|   3 bits|   2 bits|
|-------------------------------------------------------------------------------------|

----------------------- Step: 013 to 030 || Trace: 2 f -----------------------

Location: CACHE
 Action = load operation  -  Access Type = miss 
 Cache Type = Accessing Unified Cache  -  Cache Level = 1 
|-------------------------------------------------------------------------------------|
|                         Byte Address: 000000000000000000000000001111XX (32 bits)    |
|                         Word Address: 000000000000000000000000001111   (30 bits)    |
|-------------------------------------------------------------------------------------|
|                              Block                              |   Word  |   Byte  |
|               Tag              |              Set               |  OffSet |  OffSet |
|-------------------------------------------------------------------------------------|
|     000000000000000000000000001|                             ---|      111|      XX |
|-------------------------------------------------------------------------------------|
|                         27 bits|                          0 bits|   3 bits|   2 bits|
|-------------------------------------------------------------------------------------|

Location: MAINMEMORY
Action = Loading data from Main Memory  
Block = 1 


Location: CACHE
 Action = store operation  -  Access Type = miss 
 Cache Type = Accessing Unified Cache  -  Cache Level = 1 
|-------------------------------------------------------------------------------------|
|                         Byte Address: 000000000000000000000000001111XX (32 bits)    |
|                         Word Address: 000000000000000000000000001111   (30 bits)    |
|-------------------------------------------------------------------------------------|
|                              Block                              |   Word  |   Byte  |
|               Tag              |              Set               |  OffSet |  OffSet |
|-------------------------------------------------------------------------------------|
|     000000000000000000000000001|                             ---|      111|      XX |
|-------------------------------------------------------------------------------------|
|                         27 bits|                          0 bits|   3 bits|   2 bits|
|-------------------------------------------------------------------------------------|

----------------------- Step: 014 to 030 || Trace: 2 1 -----------------------

Location: CACHE
 Action = load operation  -  Access Type = miss 
 Cache Type = Accessing Unified Cache  -  Cache Level = 1 
|-------------------------------------------------------------------------------------|
|                         Byte Address: 000000000000000000000000000001XX (32 bits)    |
|                         Word Address: 000000000000000000000000000001   (30 bits)    |
|-------------------------------------------------------------------------------------|
|                              Block                              |   Word  |   Byte  |
|               Tag              |              Set               |  OffSet |  OffSet |
|-------------------------------------------------------------------------------------|
|     000000000000000000000000000|                             ---|      001|      XX |
|-------------------------------------------------------------------------------------|
|                         27 bits|                          0 bits|   3 bits|   2 bits|
|-------------------------------------------------------------------------------------|

Location: MAINMEMORY
Action = Loading data from Main Memory  
Block = 0 


Location: CACHE
 Action = store operation  -  Access Type = miss 
 Cache Type = Accessing Unified Cache  -  Cache Level = 1 
|-------------------------------------------------------------------------------------|
|                         Byte Address: 000000000000000000000000000001XX (32 bits)    |
|                         Word Address: 000000000000000000000000000001   (30 bits)    |
|-------------------------------------------------------------------------------------|
|                              Block                              |   Word  |   Byte  |
|               Tag              |              Set               |  OffSet |  OffSet |
|-------------------------------------------------------------------------------------|
|     000000000000000000000000000|                             ---|      001|      XX |
|-------------------------------------------------------------------------------------|
|                         27 bits|                          0 bits|   3 bits|   2 bits|
|-------------------------------------------------------------------------------------|

----------------------- Step: 015 to 030 || Trace: 2 4 -----------------------

Location: CACHE
 Action = load operation  -  Access Type = hit 
 Cache Type = Accessing Unified Cache  -  Cache Level = 1 
|-------------------------------------------------------------------------------------|
|                         Byte Address: 000000000000000000000000000100XX (32 bits)    |
|                         Word Address: 000000000000000000000000000100   (30 bits)    |
|-------------------------------------------------------------------------------------|
|                              Block                              |   Word  |   Byte  |
|               Tag              |              Set               |  OffSet |  OffSet |
|-------------------------------------------------------------------------------------|
|     000000000000000000000000000|                             ---|      100|      XX |
|-------------------------------------------------------------------------------------|
|                         27 bits|                          0 bits|   3 bits|   2 bits|
|-------------------------------------------------------------------------------------|

----------------------- Step: 016 to 030 || Trace: 2 f -----------------------

Location: CACHE
 Action = load operation  -  Access Type = miss 
 Cache Type = Accessing Unified Cache  -  Cache Level = 1 
|-------------------------------------------------------------------------------------|
|                         Byte Address: 000000000000000000000000001111XX (32 bits)    |
|                         Word Address: 000000000000000000000000001111   (30 bits)    |
|-------------------------------------------------------------------------------------|
|                              Block                              |   Word  |   Byte  |
|               Tag              |              Set               |  OffSet |  OffSet |
|-------------------------------------------------------------------------------------|
|     000000000000000000000000001|                             ---|      111|      XX |
|-------------------------------------------------------------------------------------|
|                         27 bits|                          0 bits|   3 bits|   2 bits|
|-------------------------------------------------------------------------------------|

Location: MAINMEMORY
Action = Loading data from Main Memory  
Block = 1 


Location: CACHE
 Action = store operation  -  Access Type = miss 
 Cache Type = Accessing Unified Cache  -  Cache Level = 1 
|-------------------------------------------------------------------------------------|
|                         Byte Address: 000000000000000000000000001111XX (32 bits)    |
|                         Word Address: 000000000000000000000000001111   (30 bits)    |
|-------------------------------------------------------------------------------------|
|                              Block                              |   Word  |   Byte  |
|               Tag              |              Set               |  OffSet |  OffSet |
|-------------------------------------------------------------------------------------|
|     000000000000000000000000001|                             ---|      111|      XX |
|-------------------------------------------------------------------------------------|
|                         27 bits|                          0 bits|   3 bits|   2 bits|
|-------------------------------------------------------------------------------------|

----------------------- Step: 017 to 030 || Trace: 2 7 -----------------------

Location: CACHE
 Action = load operation  -  Access Type = miss 
 Cache Type = Accessing Unified Cache  -  Cache Level = 1 
|-------------------------------------------------------------------------------------|
|                         Byte Address: 000000000000000000000000000111XX (32 bits)    |
|                         Word Address: 000000000000000000000000000111   (30 bits)    |
|-------------------------------------------------------------------------------------|
|                              Block                              |   Word  |   Byte  |
|               Tag              |              Set               |  OffSet |  OffSet |
|-------------------------------------------------------------------------------------|
|     000000000000000000000000000|                             ---|      111|      XX |
|-------------------------------------------------------------------------------------|
|                         27 bits|                          0 bits|   3 bits|   2 bits|
|-------------------------------------------------------------------------------------|

Location: MAINMEMORY
Action = Loading data from Main Memory  
Block = 0 


Location: CACHE
 Action = store operation  -  Access Type = miss 
 Cache Type = Accessing Unified Cache  -  Cache Level = 1 
|-------------------------------------------------------------------------------------|
|                         Byte Address: 000000000000000000000000000111XX (32 bits)    |
|                         Word Address: 000000000000000000000000000111   (30 bits)    |
|-------------------------------------------------------------------------------------|
|                              Block                              |   Word  |   Byte  |
|               Tag              |              Set               |  OffSet |  OffSet |
|-------------------------------------------------------------------------------------|
|     000000000000000000000000000|                             ---|      111|      XX |
|-------------------------------------------------------------------------------------|
|                         27 bits|                          0 bits|   3 bits|   2 bits|
|-------------------------------------------------------------------------------------|

----------------------- Step: 018 to 030 || Trace: 2 c -----------------------

Location: CACHE
 Action = load operation  -  Access Type = miss 
 Cache Type = Accessing Unified Cache  -  Cache Level = 1 
|-------------------------------------------------------------------------------------|
|                         Byte Address: 000000000000000000000000001100XX (32 bits)    |
|                         Word Address: 000000000000000000000000001100   (30 bits)    |
|-------------------------------------------------------------------------------------|
|                              Block                              |   Word  |   Byte  |
|               Tag              |              Set               |  OffSet |  OffSet |
|-------------------------------------------------------------------------------------|
|     000000000000000000000000001|                             ---|      100|      XX |
|-------------------------------------------------------------------------------------|
|                         27 bits|                          0 bits|   3 bits|   2 bits|
|-------------------------------------------------------------------------------------|

Location: MAINMEMORY
Action = Loading data from Main Memory  
Block = 1 


Location: CACHE
 Action = store operation  -  Access Type = miss 
 Cache Type = Accessing Unified Cache  -  Cache Level = 1 
|-------------------------------------------------------------------------------------|
|                         Byte Address: 000000000000000000000000001100XX (32 bits)    |
|                         Word Address: 000000000000000000000000001100   (30 bits)    |
|-------------------------------------------------------------------------------------|
|                              Block                              |   Word  |   Byte  |
|               Tag              |              Set               |  OffSet |  OffSet |
|-------------------------------------------------------------------------------------|
|     000000000000000000000000001|                             ---|      100|      XX |
|-------------------------------------------------------------------------------------|
|                         27 bits|                          0 bits|   3 bits|   2 bits|
|-------------------------------------------------------------------------------------|

----------------------- Step: 019 to 030 || Trace: 2 d -----------------------

Location: CACHE
 Action = load operation  -  Access Type = hit 
 Cache Type = Accessing Unified Cache  -  Cache Level = 1 
|-------------------------------------------------------------------------------------|
|                         Byte Address: 000000000000000000000000001101XX (32 bits)    |
|                         Word Address: 000000000000000000000000001101   (30 bits)    |
|-------------------------------------------------------------------------------------|
|                              Block                              |   Word  |   Byte  |
|               Tag              |              Set               |  OffSet |  OffSet |
|-------------------------------------------------------------------------------------|
|     000000000000000000000000001|                             ---|      101|      XX |
|-------------------------------------------------------------------------------------|
|                         27 bits|                          0 bits|   3 bits|   2 bits|
|-------------------------------------------------------------------------------------|

----------------------- Step: 020 to 030 || Trace: 2 1 -----------------------

Location: CACHE
 Action = load operation  -  Access Type = miss 
 Cache Type = Accessing Unified Cache  -  Cache Level = 1 
|-------------------------------------------------------------------------------------|
|                         Byte Address: 000000000000000000000000000001XX (32 bits)    |
|                         Word Address: 000000000000000000000000000001   (30 bits)    |
|-------------------------------------------------------------------------------------|
|                              Block                              |   Word  |   Byte  |
|               Tag              |              Set               |  OffSet |  OffSet |
|-------------------------------------------------------------------------------------|
|     000000000000000000000000000|                             ---|      001|      XX |
|-------------------------------------------------------------------------------------|
|                         27 bits|                          0 bits|   3 bits|   2 bits|
|-------------------------------------------------------------------------------------|

Location: MAINMEMORY
Action = Loading data from Main Memory  
Block = 0 


Location: CACHE
 Action = store operation  -  Access Type = miss 
 Cache Type = Accessing Unified Cache  -  Cache Level = 1 
|-------------------------------------------------------------------------------------|
|                         Byte Address: 000000000000000000000000000001XX (32 bits)    |
|                         Word Address: 000000000000000000000000000001   (30 bits)    |
|-------------------------------------------------------------------------------------|
|                              Block                              |   Word  |   Byte  |
|               Tag              |              Set               |  OffSet |  OffSet |
|-------------------------------------------------------------------------------------|
|     000000000000000000000000000|                             ---|      001|      XX |
|-------------------------------------------------------------------------------------|
|                         27 bits|                          0 bits|   3 bits|   2 bits|
|-------------------------------------------------------------------------------------|

----------------------- Step: 021 to 030 || Trace: 2 2 -----------------------

Location: CACHE
 Action = load operation  -  Access Type = hit 
 Cache Type = Accessing Unified Cache  -  Cache Level = 1 
|-------------------------------------------------------------------------------------|
|                         Byte Address: 000000000000000000000000000010XX (32 bits)    |
|                         Word Address: 000000000000000000000000000010   (30 bits)    |
|-------------------------------------------------------------------------------------|
|                              Block                              |   Word  |   Byte  |
|               Tag              |              Set               |  OffSet |  OffSet |
|-------------------------------------------------------------------------------------|
|     000000000000000000000000000|                             ---|      010|      XX |
|-------------------------------------------------------------------------------------|
|                         27 bits|                          0 bits|   3 bits|   2 bits|
|-------------------------------------------------------------------------------------|

----------------------- Step: 022 to 030 || Trace: 2 f -----------------------

Location: CACHE
 Action = load operation  -  Access Type = miss 
 Cache Type = Accessing Unified Cache  -  Cache Level = 1 
|-------------------------------------------------------------------------------------|
|                         Byte Address: 000000000000000000000000001111XX (32 bits)    |
|                         Word Address: 000000000000000000000000001111   (30 bits)    |
|-------------------------------------------------------------------------------------|
|                              Block                              |   Word  |   Byte  |
|               Tag              |              Set               |  OffSet |  OffSet |
|-------------------------------------------------------------------------------------|
|     000000000000000000000000001|                             ---|      111|      XX |
|-------------------------------------------------------------------------------------|
|                         27 bits|                          0 bits|   3 bits|   2 bits|
|-------------------------------------------------------------------------------------|

Location: MAINMEMORY
Action = Loading data from Main Memory  
Block = 1 


Location: CACHE
 Action = store operation  -  Access Type = miss 
 Cache Type = Accessing Unified Cache  -  Cache Level = 1 
|-------------------------------------------------------------------------------------|
|                         Byte Address: 000000000000000000000000001111XX (32 bits)    |
|                         Word Address: 000000000000000000000000001111   (30 bits)    |
|-------------------------------------------------------------------------------------|
|                              Block                              |   Word  |   Byte  |
|               Tag              |              Set               |  OffSet |  OffSet |
|-------------------------------------------------------------------------------------|
|     000000000000000000000000001|                             ---|      111|      XX |
|-------------------------------------------------------------------------------------|
|                         27 bits|                          0 bits|   3 bits|   2 bits|
|-------------------------------------------------------------------------------------|

----------------------- Step: 023 to 030 || Trace: 2 1 -----------------------

Location: CACHE
 Action = load operation  -  Access Type = miss 
 Cache Type = Accessing Unified Cache  -  Cache Level = 1 
|-------------------------------------------------------------------------------------|
|                         Byte Address: 000000000000000000000000000001XX (32 bits)    |
|                         Word Address: 000000000000000000000000000001   (30 bits)    |
|-------------------------------------------------------------------------------------|
|                              Block                              |   Word  |   Byte  |
|               Tag              |              Set               |  OffSet |  OffSet |
|-------------------------------------------------------------------------------------|
|     000000000000000000000000000|                             ---|      001|      XX |
|-------------------------------------------------------------------------------------|
|                         27 bits|                          0 bits|   3 bits|   2 bits|
|-------------------------------------------------------------------------------------|

Location: MAINMEMORY
Action = Loading data from Main Memory  
Block = 0 


Location: CACHE
 Action = store operation  -  Access Type = miss 
 Cache Type = Accessing Unified Cache  -  Cache Level = 1 
|-------------------------------------------------------------------------------------|
|                         Byte Address: 000000000000000000000000000001XX (32 bits)    |
|                         Word Address: 000000000000000000000000000001   (30 bits)    |
|-------------------------------------------------------------------------------------|
|                              Block                              |   Word  |   Byte  |
|               Tag              |              Set               |  OffSet |  OffSet |
|-------------------------------------------------------------------------------------|
|     000000000000000000000000000|                             ---|      001|      XX |
|-------------------------------------------------------------------------------------|
|                         27 bits|                          0 bits|   3 bits|   2 bits|
|-------------------------------------------------------------------------------------|

----------------------- Step: 024 to 030 || Trace: 2 7 -----------------------

Location: CACHE
 Action = load operation  -  Access Type = hit 
 Cache Type = Accessing Unified Cache  -  Cache Level = 1 
|-------------------------------------------------------------------------------------|
|                         Byte Address: 000000000000000000000000000111XX (32 bits)    |
|                         Word Address: 000000000000000000000000000111   (30 bits)    |
|-------------------------------------------------------------------------------------|
|                              Block                              |   Word  |   Byte  |
|               Tag              |              Set               |  OffSet |  OffSet |
|-------------------------------------------------------------------------------------|
|     000000000000000000000000000|                             ---|      111|      XX |
|-------------------------------------------------------------------------------------|
|                         27 bits|                          0 bits|   3 bits|   2 bits|
|-------------------------------------------------------------------------------------|

----------------------- Step: 025 to 030 || Trace: 2 2 -----------------------

Location: CACHE
 Action = load operation  -  Access Type = hit 
 Cache Type = Accessing Unified Cache  -  Cache Level = 1 
|-------------------------------------------------------------------------------------|
|                         Byte Address: 000000000000000000000000000010XX (32 bits)    |
|                         Word Address: 000000000000000000000000000010   (30 bits)    |
|-------------------------------------------------------------------------------------|
|                              Block                              |   Word  |   Byte  |
|               Tag              |              Set               |  OffSet |  OffSet |
|-------------------------------------------------------------------------------------|
|     000000000000000000000000000|                             ---|      010|      XX |
|-------------------------------------------------------------------------------------|
|                         27 bits|                          0 bits|   3 bits|   2 bits|
|-------------------------------------------------------------------------------------|

----------------------- Step: 026 to 030 || Trace: 2 c -----------------------

Location: CACHE
 Action = load operation  -  Access Type = miss 
 Cache Type = Accessing Unified Cache  -  Cache Level = 1 
|-------------------------------------------------------------------------------------|
|                         Byte Address: 000000000000000000000000001100XX (32 bits)    |
|                         Word Address: 000000000000000000000000001100   (30 bits)    |
|-------------------------------------------------------------------------------------|
|                              Block                              |   Word  |   Byte  |
|               Tag              |              Set               |  OffSet |  OffSet |
|-------------------------------------------------------------------------------------|
|     000000000000000000000000001|                             ---|      100|      XX |
|-------------------------------------------------------------------------------------|
|                         27 bits|                          0 bits|   3 bits|   2 bits|
|-------------------------------------------------------------------------------------|

Location: MAINMEMORY
Action = Loading data from Main Memory  
Block = 1 


Location: CACHE
 Action = store operation  -  Access Type = miss 
 Cache Type = Accessing Unified Cache  -  Cache Level = 1 
|-------------------------------------------------------------------------------------|
|                         Byte Address: 000000000000000000000000001100XX (32 bits)    |
|                         Word Address: 000000000000000000000000001100   (30 bits)    |
|-------------------------------------------------------------------------------------|
|                              Block                              |   Word  |   Byte  |
|               Tag              |              Set               |  OffSet |  OffSet |
|-------------------------------------------------------------------------------------|
|     000000000000000000000000001|                             ---|      100|      XX |
|-------------------------------------------------------------------------------------|
|                         27 bits|                          0 bits|   3 bits|   2 bits|
|-------------------------------------------------------------------------------------|

----------------------- Step: 027 to 030 || Trace: 2 6 -----------------------

Location: CACHE
 Action = load operation  -  Access Type = miss 
 Cache Type = Accessing Unified Cache  -  Cache Level = 1 
|-------------------------------------------------------------------------------------|
|                         Byte Address: 000000000000000000000000000110XX (32 bits)    |
|                         Word Address: 000000000000000000000000000110   (30 bits)    |
|-------------------------------------------------------------------------------------|
|                              Block                              |   Word  |   Byte  |
|               Tag              |              Set               |  OffSet |  OffSet |
|-------------------------------------------------------------------------------------|
|     000000000000000000000000000|                             ---|      110|      XX |
|-------------------------------------------------------------------------------------|
|                         27 bits|                          0 bits|   3 bits|   2 bits|
|-------------------------------------------------------------------------------------|

Location: MAINMEMORY
Action = Loading data from Main Memory  
Block = 0 


Location: CACHE
 Action = store operation  -  Access Type = miss 
 Cache Type = Accessing Unified Cache  -  Cache Level = 1 
|-------------------------------------------------------------------------------------|
|                         Byte Address: 000000000000000000000000000110XX (32 bits)    |
|                         Word Address: 000000000000000000000000000110   (30 bits)    |
|-------------------------------------------------------------------------------------|
|                              Block                              |   Word  |   Byte  |
|               Tag              |              Set               |  OffSet |  OffSet |
|-------------------------------------------------------------------------------------|
|     000000000000000000000000000|                             ---|      110|      XX |
|-------------------------------------------------------------------------------------|
|                         27 bits|                          0 bits|   3 bits|   2 bits|
|-------------------------------------------------------------------------------------|

----------------------- Step: 028 to 030 || Trace: 2 1 -----------------------

Location: CACHE
 Action = load operation  -  Access Type = hit 
 Cache Type = Accessing Unified Cache  -  Cache Level = 1 
|-------------------------------------------------------------------------------------|
|                         Byte Address: 000000000000000000000000000001XX (32 bits)    |
|                         Word Address: 000000000000000000000000000001   (30 bits)    |
|-------------------------------------------------------------------------------------|
|                              Block                              |   Word  |   Byte  |
|               Tag              |              Set               |  OffSet |  OffSet |
|-------------------------------------------------------------------------------------|
|     000000000000000000000000000|                             ---|      001|      XX |
|-------------------------------------------------------------------------------------|
|                         27 bits|                          0 bits|   3 bits|   2 bits|
|-------------------------------------------------------------------------------------|

----------------------- Step: 029 to 030 || Trace: 2 7 -----------------------

Location: CACHE
 Action = load operation  -  Access Type = hit 
 Cache Type = Accessing Unified Cache  -  Cache Level = 1 
|-------------------------------------------------------------------------------------|
|                         Byte Address: 000000000000000000000000000111XX (32 bits)    |
|                         Word Address: 000000000000000000000000000111   (30 bits)    |
|-------------------------------------------------------------------------------------|
|                              Block                              |   Word  |   Byte  |
|               Tag              |              Set               |  OffSet |  OffSet |
|-------------------------------------------------------------------------------------|
|     000000000000000000000000000|                             ---|      111|      XX |
|-------------------------------------------------------------------------------------|
|                         27 bits|                          0 bits|   3 bits|   2 bits|
|-------------------------------------------------------------------------------------|

----------------------- Step: 030 to 030 || Trace: 2 8 -----------------------

Location: CACHE
 Action = load operation  -  Access Type = miss 
 Cache Type = Accessing Unified Cache  -  Cache Level = 1 
|-------------------------------------------------------------------------------------|
|                         Byte Address: 000000000000000000000000001000XX (32 bits)    |
|                         Word Address: 000000000000000000000000001000   (30 bits)    |
|-------------------------------------------------------------------------------------|
|                              Block                              |   Word  |   Byte  |
|               Tag              |              Set               |  OffSet |  OffSet |
|-------------------------------------------------------------------------------------|
|     000000000000000000000000001|                             ---|      000|      XX |
|-------------------------------------------------------------------------------------|
|                         27 bits|                          0 bits|   3 bits|   2 bits|
|-------------------------------------------------------------------------------------|

Location: MAINMEMORY
Action = Loading data from Main Memory  
Block = 1 


Location: CACHE
 Action = store operation  -  Access Type = miss 
 Cache Type = Accessing Unified Cache  -  Cache Level = 1 
|-------------------------------------------------------------------------------------|
|                         Byte Address: 000000000000000000000000001000XX (32 bits)    |
|                         Word Address: 000000000000000000000000001000   (30 bits)    |
|-------------------------------------------------------------------------------------|
|                              Block                              |   Word  |   Byte  |
|               Tag              |              Set               |  OffSet |  OffSet |
|-------------------------------------------------------------------------------------|
|     000000000000000000000000001|                             ---|      000|      XX |
|-------------------------------------------------------------------------------------|
|                         27 bits|                          0 bits|   3 bits|   2 bits|
|-------------------------------------------------------------------------------------|

------------------------------
---       Statistics       ---
------------------------------

Unified Cache - Level 1
  Read Access: 30
  Read Cycles: 30
  Read Time: 30
  Write Access: 0
  Write Cycles: 0
  Write Time: 0
  Total Access: 30
  Total Hit: 16
  Total Miss: 14
  Hit/rate: 0.53333336
  Total Time: 30

Main Memory
  Read Access: 14
  Read Cycles: 14
  Read Time: 140
  Write Access: 0
  Write Cycles: 0
  Write Time: 0
  Total Access: 14
  Total Time: 140

 Total Time: 170