------------------------------------
--- File created by Amnesia tool ---
------------------------------------


----------------------------------
--- Architecture Configuration ---
----------------------------------

--- Main Memory ---

Memory size: 32 word(s) 
Block size: 2 word(s)/block 
Cycles per access read: 1 unity 
Cycles per access write: 2 unity 
Time cycle: 10 time unity 

--- Cache Memory ---

Cache type: UNIFIED / Level: 1 
Memory size: 8 word(s) 
Block size: 2 word(s)/block 
Cycles per access read: 1 unity 
Cycles per access write: 2 unity 
Time cicle: 1 time unity 
Associativity level: 1 block(s)/set 
Write policy: WriteThrough 
Replacement algorithm: LRU 


-------------------------
---       Trace       ---
-------------------------

2 0
2 1
2 2
2 3
2 4
2 3
2 5
2 6
2 7
2 8
2 0
2 8
2 1
2 9
2 2
2 3
2 a
2 b
2 a
2 1
2 c
2 d
2 3
2 e
2 f
2 d
2 f
2 4
2 5
2 c

------------------------------
---      Execution Log     ---
------------------------------

Location: MAINMEMORY
Action = Stored data in Main Memory  
Block = 0 


Location: MAINMEMORY
Action = Stored data in Main Memory  
Block = 1 


Location: MAINMEMORY
Action = Stored data in Main Memory  
Block = 2 


Location: MAINMEMORY
Action = Stored data in Main Memory  
Block = 3 


Location: MAINMEMORY
Action = Stored data in Main Memory  
Block = 4 


Location: MAINMEMORY
Action = Stored data in Main Memory  
Block = 5 


Location: MAINMEMORY
Action = Stored data in Main Memory  
Block = 6 


Location: MAINMEMORY
Action = Stored data in Main Memory  
Block = 7 


----------------------- Step: 001 to 030 || Trace: 2 0 -----------------------

Location: CACHE
 Action = load operation  -  Access Type = miss 
 Cache Type = Accessing Unified Cache  -  Cache Level = 1 
|-------------------------------------------------------------------------------------|
|                         Byte Address: 000000000000000000000000000000XX (32 bits)    |
|                         Word Address: 000000000000000000000000000000   (30 bits)    |
|-------------------------------------------------------------------------------------|
|                              Block                              |   Word  |   Byte  |
|               Tag              |              Set               |  OffSet |  OffSet |
|-------------------------------------------------------------------------------------|
|     000000000000000000000000000|                              00|        0|      XX |
|-------------------------------------------------------------------------------------|
|                         27 bits|                          2 bits|   1 bits|   2 bits|
|-------------------------------------------------------------------------------------|

Location: MAINMEMORY
Action = Loading data from Main Memory  
Block = 0 


Location: CACHE
 Action = store operation  -  Access Type = miss 
 Cache Type = Accessing Unified Cache  -  Cache Level = 1 
|-------------------------------------------------------------------------------------|
|                         Byte Address: 000000000000000000000000000000XX (32 bits)    |
|                         Word Address: 000000000000000000000000000000   (30 bits)    |
|-------------------------------------------------------------------------------------|
|                              Block                              |   Word  |   Byte  |
|               Tag              |              Set               |  OffSet |  OffSet |
|-------------------------------------------------------------------------------------|
|     000000000000000000000000000|                              00|        0|      XX |
|-------------------------------------------------------------------------------------|
|                         27 bits|                          2 bits|   1 bits|   2 bits|
|-------------------------------------------------------------------------------------|

----------------------- Step: 002 to 030 || Trace: 2 1 -----------------------

Location: CACHE
 Action = load operation  -  Access Type = hit 
 Cache Type = Accessing Unified Cache  -  Cache Level = 1 
|-------------------------------------------------------------------------------------|
|                         Byte Address: 000000000000000000000000000001XX (32 bits)    |
|                         Word Address: 000000000000000000000000000001   (30 bits)    |
|-------------------------------------------------------------------------------------|
|                              Block                              |   Word  |   Byte  |
|               Tag              |              Set               |  OffSet |  OffSet |
|-------------------------------------------------------------------------------------|
|     000000000000000000000000000|                              00|        1|      XX |
|-------------------------------------------------------------------------------------|
|                         27 bits|                          2 bits|   1 bits|   2 bits|
|-------------------------------------------------------------------------------------|

----------------------- Step: 003 to 030 || Trace: 2 2 -----------------------

Location: CACHE
 Action = load operation  -  Access Type = miss 
 Cache Type = Accessing Unified Cache  -  Cache Level = 1 
|-------------------------------------------------------------------------------------|
|                         Byte Address: 000000000000000000000000000010XX (32 bits)    |
|                         Word Address: 000000000000000000000000000010   (30 bits)    |
|-------------------------------------------------------------------------------------|
|                              Block                              |   Word  |   Byte  |
|               Tag              |              Set               |  OffSet |  OffSet |
|-------------------------------------------------------------------------------------|
|     000000000000000000000000000|                              01|        0|      XX |
|-------------------------------------------------------------------------------------|
|                         27 bits|                          2 bits|   1 bits|   2 bits|
|-------------------------------------------------------------------------------------|

Location: MAINMEMORY
Action = Loading data from Main Memory  
Block = 1 


Location: CACHE
 Action = store operation  -  Access Type = miss 
 Cache Type = Accessing Unified Cache  -  Cache Level = 1 
|-------------------------------------------------------------------------------------|
|                         Byte Address: 000000000000000000000000000010XX (32 bits)    |
|                         Word Address: 000000000000000000000000000010   (30 bits)    |
|-------------------------------------------------------------------------------------|
|                              Block                              |   Word  |   Byte  |
|               Tag              |              Set               |  OffSet |  OffSet |
|-------------------------------------------------------------------------------------|
|     000000000000000000000000000|                              01|        0|      XX |
|-------------------------------------------------------------------------------------|
|                         27 bits|                          2 bits|   1 bits|   2 bits|
|-------------------------------------------------------------------------------------|

----------------------- Step: 004 to 030 || Trace: 2 3 -----------------------

Location: CACHE
 Action = load operation  -  Access Type = hit 
 Cache Type = Accessing Unified Cache  -  Cache Level = 1 
|-------------------------------------------------------------------------------------|
|                         Byte Address: 000000000000000000000000000011XX (32 bits)    |
|                         Word Address: 000000000000000000000000000011   (30 bits)    |
|-------------------------------------------------------------------------------------|
|                              Block                              |   Word  |   Byte  |
|               Tag              |              Set               |  OffSet |  OffSet |
|-------------------------------------------------------------------------------------|
|     000000000000000000000000000|                              01|        1|      XX |
|-------------------------------------------------------------------------------------|
|                         27 bits|                          2 bits|   1 bits|   2 bits|
|-------------------------------------------------------------------------------------|

----------------------- Step: 005 to 030 || Trace: 2 4 -----------------------

Location: CACHE
 Action = load operation  -  Access Type = miss 
 Cache Type = Accessing Unified Cache  -  Cache Level = 1 
|-------------------------------------------------------------------------------------|
|                         Byte Address: 000000000000000000000000000100XX (32 bits)    |
|                         Word Address: 000000000000000000000000000100   (30 bits)    |
|-------------------------------------------------------------------------------------|
|                              Block                              |   Word  |   Byte  |
|               Tag              |              Set               |  OffSet |  OffSet |
|-------------------------------------------------------------------------------------|
|     000000000000000000000000000|                              10|        0|      XX |
|-------------------------------------------------------------------------------------|
|                         27 bits|                          2 bits|   1 bits|   2 bits|
|-------------------------------------------------------------------------------------|

Location: MAINMEMORY
Action = Loading data from Main Memory  
Block = 2 


Location: CACHE
 Action = store operation  -  Access Type = miss 
 Cache Type = Accessing Unified Cache  -  Cache Level = 1 
|-------------------------------------------------------------------------------------|
|                         Byte Address: 000000000000000000000000000100XX (32 bits)    |
|                         Word Address: 000000000000000000000000000100   (30 bits)    |
|-------------------------------------------------------------------------------------|
|                              Block                              |   Word  |   Byte  |
|               Tag              |              Set               |  OffSet |  OffSet |
|-------------------------------------------------------------------------------------|
|     000000000000000000000000000|                              10|        0|      XX |
|-------------------------------------------------------------------------------------|
|                         27 bits|                          2 bits|   1 bits|   2 bits|
|-------------------------------------------------------------------------------------|

----------------------- Step: 006 to 030 || Trace: 2 3 -----------------------

Location: CACHE
 Action = load operation  -  Access Type = hit 
 Cache Type = Accessing Unified Cache  -  Cache Level = 1 
|-------------------------------------------------------------------------------------|
|                         Byte Address: 000000000000000000000000000011XX (32 bits)    |
|                         Word Address: 000000000000000000000000000011   (30 bits)    |
|-------------------------------------------------------------------------------------|
|                              Block                              |   Word  |   Byte  |
|               Tag              |              Set               |  OffSet |  OffSet |
|-------------------------------------------------------------------------------------|
|     000000000000000000000000000|                              01|        1|      XX |
|-------------------------------------------------------------------------------------|
|                         27 bits|                          2 bits|   1 bits|   2 bits|
|-------------------------------------------------------------------------------------|

----------------------- Step: 007 to 030 || Trace: 2 5 -----------------------

Location: CACHE
 Action = load operation  -  Access Type = hit 
 Cache Type = Accessing Unified Cache  -  Cache Level = 1 
|-------------------------------------------------------------------------------------|
|                         Byte Address: 000000000000000000000000000101XX (32 bits)    |
|                         Word Address: 000000000000000000000000000101   (30 bits)    |
|-------------------------------------------------------------------------------------|
|                              Block                              |   Word  |   Byte  |
|               Tag              |              Set               |  OffSet |  OffSet |
|-------------------------------------------------------------------------------------|
|     000000000000000000000000000|                              10|        1|      XX |
|-------------------------------------------------------------------------------------|
|                         27 bits|                          2 bits|   1 bits|   2 bits|
|-------------------------------------------------------------------------------------|

----------------------- Step: 008 to 030 || Trace: 2 6 -----------------------

Location: CACHE
 Action = load operation  -  Access Type = miss 
 Cache Type = Accessing Unified Cache  -  Cache Level = 1 
|-------------------------------------------------------------------------------------|
|                         Byte Address: 000000000000000000000000000110XX (32 bits)    |
|                         Word Address: 000000000000000000000000000110   (30 bits)    |
|-------------------------------------------------------------------------------------|
|                              Block                              |   Word  |   Byte  |
|               Tag              |              Set               |  OffSet |  OffSet |
|-------------------------------------------------------------------------------------|
|     000000000000000000000000000|                              11|        0|      XX |
|-------------------------------------------------------------------------------------|
|                         27 bits|                          2 bits|   1 bits|   2 bits|
|-------------------------------------------------------------------------------------|

Location: MAINMEMORY
Action = Loading data from Main Memory  
Block = 3 


Location: CACHE
 Action = store operation  -  Access Type = miss 
 Cache Type = Accessing Unified Cache  -  Cache Level = 1 
|-------------------------------------------------------------------------------------|
|                         Byte Address: 000000000000000000000000000110XX (32 bits)    |
|                         Word Address: 000000000000000000000000000110   (30 bits)    |
|-------------------------------------------------------------------------------------|
|                              Block                              |   Word  |   Byte  |
|               Tag              |              Set               |  OffSet |  OffSet |
|-------------------------------------------------------------------------------------|
|     000000000000000000000000000|                              11|        0|      XX |
|-------------------------------------------------------------------------------------|
|                         27 bits|                          2 bits|   1 bits|   2 bits|
|-------------------------------------------------------------------------------------|

----------------------- Step: 009 to 030 || Trace: 2 7 -----------------------

Location: CACHE
 Action = load operation  -  Access Type = hit 
 Cache Type = Accessing Unified Cache  -  Cache Level = 1 
|-------------------------------------------------------------------------------------|
|                         Byte Address: 000000000000000000000000000111XX (32 bits)    |
|                         Word Address: 000000000000000000000000000111   (30 bits)    |
|-------------------------------------------------------------------------------------|
|                              Block                              |   Word  |   Byte  |
|               Tag              |              Set               |  OffSet |  OffSet |
|-------------------------------------------------------------------------------------|
|     000000000000000000000000000|                              11|        1|      XX |
|-------------------------------------------------------------------------------------|
|                         27 bits|                          2 bits|   1 bits|   2 bits|
|-------------------------------------------------------------------------------------|

----------------------- Step: 010 to 030 || Trace: 2 8 -----------------------

Location: CACHE
 Action = load operation  -  Access Type = miss 
 Cache Type = Accessing Unified Cache  -  Cache Level = 1 
|-------------------------------------------------------------------------------------|
|                         Byte Address: 000000000000000000000000001000XX (32 bits)    |
|                         Word Address: 000000000000000000000000001000   (30 bits)    |
|-------------------------------------------------------------------------------------|
|                              Block                              |   Word  |   Byte  |
|               Tag              |              Set               |  OffSet |  OffSet |
|-------------------------------------------------------------------------------------|
|     000000000000000000000000001|                              00|        0|      XX |
|-------------------------------------------------------------------------------------|
|                         27 bits|                          2 bits|   1 bits|   2 bits|
|-------------------------------------------------------------------------------------|

Location: MAINMEMORY
Action = Loading data from Main Memory  
Block = 4 


Location: CACHE
 Action = store operation  -  Access Type = miss 
 Cache Type = Accessing Unified Cache  -  Cache Level = 1 
|-------------------------------------------------------------------------------------|
|                         Byte Address: 000000000000000000000000001000XX (32 bits)    |
|                         Word Address: 000000000000000000000000001000   (30 bits)    |
|-------------------------------------------------------------------------------------|
|                              Block                              |   Word  |   Byte  |
|               Tag              |              Set               |  OffSet |  OffSet |
|-------------------------------------------------------------------------------------|
|     000000000000000000000000001|                              00|        0|      XX |
|-------------------------------------------------------------------------------------|
|                         27 bits|                          2 bits|   1 bits|   2 bits|
|-------------------------------------------------------------------------------------|

----------------------- Step: 011 to 030 || Trace: 2 0 -----------------------

Location: CACHE
 Action = load operation  -  Access Type = miss 
 Cache Type = Accessing Unified Cache  -  Cache Level = 1 
|-------------------------------------------------------------------------------------|
|                         Byte Address: 000000000000000000000000000000XX (32 bits)    |
|                         Word Address: 000000000000000000000000000000   (30 bits)    |
|-------------------------------------------------------------------------------------|
|                              Block                              |   Word  |   Byte  |
|               Tag              |              Set               |  OffSet |  OffSet |
|-------------------------------------------------------------------------------------|
|     000000000000000000000000000|                              00|        0|      XX |
|-------------------------------------------------------------------------------------|
|                         27 bits|                          2 bits|   1 bits|   2 bits|
|-------------------------------------------------------------------------------------|

Location: MAINMEMORY
Action = Loading data from Main Memory  
Block = 0 


Location: CACHE
 Action = store operation  -  Access Type = miss 
 Cache Type = Accessing Unified Cache  -  Cache Level = 1 
|-------------------------------------------------------------------------------------|
|                         Byte Address: 000000000000000000000000000000XX (32 bits)    |
|                         Word Address: 000000000000000000000000000000   (30 bits)    |
|-------------------------------------------------------------------------------------|
|                              Block                              |   Word  |   Byte  |
|               Tag              |              Set               |  OffSet |  OffSet |
|-------------------------------------------------------------------------------------|
|     000000000000000000000000000|                              00|        0|      XX |
|-------------------------------------------------------------------------------------|
|                         27 bits|                          2 bits|   1 bits|   2 bits|
|-------------------------------------------------------------------------------------|

----------------------- Step: 012 to 030 || Trace: 2 8 -----------------------

Location: CACHE
 Action = load operation  -  Access Type = miss 
 Cache Type = Accessing Unified Cache  -  Cache Level = 1 
|-------------------------------------------------------------------------------------|
|                         Byte Address: 000000000000000000000000001000XX (32 bits)    |
|                         Word Address: 000000000000000000000000001000   (30 bits)    |
|-------------------------------------------------------------------------------------|
|                              Block                              |   Word  |   Byte  |
|               Tag              |              Set               |  OffSet |  OffSet |
|-------------------------------------------------------------------------------------|
|     000000000000000000000000001|                              00|        0|      XX |
|-------------------------------------------------------------------------------------|
|                         27 bits|                          2 bits|   1 bits|   2 bits|
|-------------------------------------------------------------------------------------|

Location: MAINMEMORY
Action = Loading data from Main Memory  
Block = 4 


Location: CACHE
 Action = store operation  -  Access Type = miss 
 Cache Type = Accessing Unified Cache  -  Cache Level = 1 
|-------------------------------------------------------------------------------------|
|                         Byte Address: 000000000000000000000000001000XX (32 bits)    |
|                         Word Address: 000000000000000000000000001000   (30 bits)    |
|-------------------------------------------------------------------------------------|
|                              Block                              |   Word  |   Byte  |
|               Tag              |              Set               |  OffSet |  OffSet |
|-------------------------------------------------------------------------------------|
|     000000000000000000000000001|                              00|        0|      XX |
|-------------------------------------------------------------------------------------|
|                         27 bits|                          2 bits|   1 bits|   2 bits|
|-------------------------------------------------------------------------------------|

----------------------- Step: 013 to 030 || Trace: 2 1 -----------------------

Location: CACHE
 Action = load operation  -  Access Type = miss 
 Cache Type = Accessing Unified Cache  -  Cache Level = 1 
|-------------------------------------------------------------------------------------|
|                         Byte Address: 000000000000000000000000000001XX (32 bits)    |
|                         Word Address: 000000000000000000000000000001   (30 bits)    |
|-------------------------------------------------------------------------------------|
|                              Block                              |   Word  |   Byte  |
|               Tag              |              Set               |  OffSet |  OffSet |
|-------------------------------------------------------------------------------------|
|     000000000000000000000000000|                              00|        1|      XX |
|-------------------------------------------------------------------------------------|
|                         27 bits|                          2 bits|   1 bits|   2 bits|
|-------------------------------------------------------------------------------------|

Location: MAINMEMORY
Action = Loading data from Main Memory  
Block = 0 


Location: CACHE
 Action = store operation  -  Access Type = miss 
 Cache Type = Accessing Unified Cache  -  Cache Level = 1 
|-------------------------------------------------------------------------------------|
|                         Byte Address: 000000000000000000000000000001XX (32 bits)    |
|                         Word Address: 000000000000000000000000000001   (30 bits)    |
|-------------------------------------------------------------------------------------|
|                              Block                              |   Word  |   Byte  |
|               Tag              |              Set               |  OffSet |  OffSet |
|-------------------------------------------------------------------------------------|
|     000000000000000000000000000|                              00|        1|      XX |
|-------------------------------------------------------------------------------------|
|                         27 bits|                          2 bits|   1 bits|   2 bits|
|-------------------------------------------------------------------------------------|

----------------------- Step: 014 to 030 || Trace: 2 9 -----------------------

Location: CACHE
 Action = load operation  -  Access Type = miss 
 Cache Type = Accessing Unified Cache  -  Cache Level = 1 
|-------------------------------------------------------------------------------------|
|                         Byte Address: 000000000000000000000000001001XX (32 bits)    |
|                         Word Address: 000000000000000000000000001001   (30 bits)    |
|-------------------------------------------------------------------------------------|
|                              Block                              |   Word  |   Byte  |
|               Tag              |              Set               |  OffSet |  OffSet |
|-------------------------------------------------------------------------------------|
|     000000000000000000000000001|                              00|        1|      XX |
|-------------------------------------------------------------------------------------|
|                         27 bits|                          2 bits|   1 bits|   2 bits|
|-------------------------------------------------------------------------------------|

Location: MAINMEMORY
Action = Loading data from Main Memory  
Block = 4 


Location: CACHE
 Action = store operation  -  Access Type = miss 
 Cache Type = Accessing Unified Cache  -  Cache Level = 1 
|-------------------------------------------------------------------------------------|
|                         Byte Address: 000000000000000000000000001001XX (32 bits)    |
|                         Word Address: 000000000000000000000000001001   (30 bits)    |
|-------------------------------------------------------------------------------------|
|                              Block                              |   Word  |   Byte  |
|               Tag              |              Set               |  OffSet |  OffSet |
|-------------------------------------------------------------------------------------|
|     000000000000000000000000001|                              00|        1|      XX |
|-------------------------------------------------------------------------------------|
|                         27 bits|                          2 bits|   1 bits|   2 bits|
|-------------------------------------------------------------------------------------|

----------------------- Step: 015 to 030 || Trace: 2 2 -----------------------

Location: CACHE
 Action = load operation  -  Access Type = hit 
 Cache Type = Accessing Unified Cache  -  Cache Level = 1 
|-------------------------------------------------------------------------------------|
|                         Byte Address: 000000000000000000000000000010XX (32 bits)    |
|                         Word Address: 000000000000000000000000000010   (30 bits)    |
|-------------------------------------------------------------------------------------|
|                              Block                              |   Word  |   Byte  |
|               Tag              |              Set               |  OffSet |  OffSet |
|-------------------------------------------------------------------------------------|
|     000000000000000000000000000|                              01|        0|      XX |
|-------------------------------------------------------------------------------------|
|                         27 bits|                          2 bits|   1 bits|   2 bits|
|-------------------------------------------------------------------------------------|

----------------------- Step: 016 to 030 || Trace: 2 3 -----------------------

Location: CACHE
 Action = load operation  -  Access Type = hit 
 Cache Type = Accessing Unified Cache  -  Cache Level = 1 
|-------------------------------------------------------------------------------------|
|                         Byte Address: 000000000000000000000000000011XX (32 bits)    |
|                         Word Address: 000000000000000000000000000011   (30 bits)    |
|-------------------------------------------------------------------------------------|
|                              Block                              |   Word  |   Byte  |
|               Tag              |              Set               |  OffSet |  OffSet |
|-------------------------------------------------------------------------------------|
|     000000000000000000000000000|                              01|        1|      XX |
|-------------------------------------------------------------------------------------|
|                         27 bits|                          2 bits|   1 bits|   2 bits|
|-------------------------------------------------------------------------------------|

----------------------- Step: 017 to 030 || Trace: 2 a -----------------------

Location: CACHE
 Action = load operation  -  Access Type = miss 
 Cache Type = Accessing Unified Cache  -  Cache Level = 1 
|-------------------------------------------------------------------------------------|
|                         Byte Address: 000000000000000000000000001010XX (32 bits)    |
|                         Word Address: 000000000000000000000000001010   (30 bits)    |
|-------------------------------------------------------------------------------------|
|                              Block                              |   Word  |   Byte  |
|               Tag              |              Set               |  OffSet |  OffSet |
|-------------------------------------------------------------------------------------|
|     000000000000000000000000001|                              01|        0|      XX |
|-------------------------------------------------------------------------------------|
|                         27 bits|                          2 bits|   1 bits|   2 bits|
|-------------------------------------------------------------------------------------|

Location: MAINMEMORY
Action = Loading data from Main Memory  
Block = 5 


Location: CACHE
 Action = store operation  -  Access Type = miss 
 Cache Type = Accessing Unified Cache  -  Cache Level = 1 
|-------------------------------------------------------------------------------------|
|                         Byte Address: 000000000000000000000000001010XX (32 bits)    |
|                         Word Address: 000000000000000000000000001010   (30 bits)    |
|-------------------------------------------------------------------------------------|
|                              Block                              |   Word  |   Byte  |
|               Tag              |              Set               |  OffSet |  OffSet |
|-------------------------------------------------------------------------------------|
|     000000000000000000000000001|                              01|        0|      XX |
|-------------------------------------------------------------------------------------|
|                         27 bits|                          2 bits|   1 bits|   2 bits|
|-------------------------------------------------------------------------------------|

----------------------- Step: 018 to 030 || Trace: 2 b -----------------------

Location: CACHE
 Action = load operation  -  Access Type = hit 
 Cache Type = Accessing Unified Cache  -  Cache Level = 1 
|-------------------------------------------------------------------------------------|
|                         Byte Address: 000000000000000000000000001011XX (32 bits)    |
|                         Word Address: 000000000000000000000000001011   (30 bits)    |
|-------------------------------------------------------------------------------------|
|                              Block                              |   Word  |   Byte  |
|               Tag              |              Set               |  OffSet |  OffSet |
|-------------------------------------------------------------------------------------|
|     000000000000000000000000001|                              01|        1|      XX |
|-------------------------------------------------------------------------------------|
|                         27 bits|                          2 bits|   1 bits|   2 bits|
|-------------------------------------------------------------------------------------|

----------------------- Step: 019 to 030 || Trace: 2 a -----------------------

Location: CACHE
 Action = load operation  -  Access Type = hit 
 Cache Type = Accessing Unified Cache  -  Cache Level = 1 
|-------------------------------------------------------------------------------------|
|                         Byte Address: 000000000000000000000000001010XX (32 bits)    |
|                         Word Address: 000000000000000000000000001010   (30 bits)    |
|-------------------------------------------------------------------------------------|
|                              Block                              |   Word  |   Byte  |
|               Tag              |              Set               |  OffSet |  OffSet |
|-------------------------------------------------------------------------------------|
|     000000000000000000000000001|                              01|        0|      XX |
|-------------------------------------------------------------------------------------|
|                         27 bits|                          2 bits|   1 bits|   2 bits|
|-------------------------------------------------------------------------------------|

----------------------- Step: 020 to 030 || Trace: 2 1 -----------------------

Location: CACHE
 Action = load operation  -  Access Type = miss 
 Cache Type = Accessing Unified Cache  -  Cache Level = 1 
|-------------------------------------------------------------------------------------|
|                         Byte Address: 000000000000000000000000000001XX (32 bits)    |
|                         Word Address: 000000000000000000000000000001   (30 bits)    |
|-------------------------------------------------------------------------------------|
|                              Block                              |   Word  |   Byte  |
|               Tag              |              Set               |  OffSet |  OffSet |
|-------------------------------------------------------------------------------------|
|     000000000000000000000000000|                              00|        1|      XX |
|-------------------------------------------------------------------------------------|
|                         27 bits|                          2 bits|   1 bits|   2 bits|
|-------------------------------------------------------------------------------------|

Location: MAINMEMORY
Action = Loading data from Main Memory  
Block = 0 


Location: CACHE
 Action = store operation  -  Access Type = miss 
 Cache Type = Accessing Unified Cache  -  Cache Level = 1 
|-------------------------------------------------------------------------------------|
|                         Byte Address: 000000000000000000000000000001XX (32 bits)    |
|                         Word Address: 000000000000000000000000000001   (30 bits)    |
|-------------------------------------------------------------------------------------|
|                              Block                              |   Word  |   Byte  |
|               Tag              |              Set               |  OffSet |  OffSet |
|-------------------------------------------------------------------------------------|
|     000000000000000000000000000|                              00|        1|      XX |
|-------------------------------------------------------------------------------------|
|                         27 bits|                          2 bits|   1 bits|   2 bits|
|-------------------------------------------------------------------------------------|

----------------------- Step: 021 to 030 || Trace: 2 c -----------------------

Location: CACHE
 Action = load operation  -  Access Type = miss 
 Cache Type = Accessing Unified Cache  -  Cache Level = 1 
|-------------------------------------------------------------------------------------|
|                         Byte Address: 000000000000000000000000001100XX (32 bits)    |
|                         Word Address: 000000000000000000000000001100   (30 bits)    |
|-------------------------------------------------------------------------------------|
|                              Block                              |   Word  |   Byte  |
|               Tag              |              Set               |  OffSet |  OffSet |
|-------------------------------------------------------------------------------------|
|     000000000000000000000000001|                              10|        0|      XX |
|-------------------------------------------------------------------------------------|
|                         27 bits|                          2 bits|   1 bits|   2 bits|
|-------------------------------------------------------------------------------------|

Location: MAINMEMORY
Action = Loading data from Main Memory  
Block = 6 


Location: CACHE
 Action = store operation  -  Access Type = miss 
 Cache Type = Accessing Unified Cache  -  Cache Level = 1 
|-------------------------------------------------------------------------------------|
|                         Byte Address: 000000000000000000000000001100XX (32 bits)    |
|                         Word Address: 000000000000000000000000001100   (30 bits)    |
|-------------------------------------------------------------------------------------|
|                              Block                              |   Word  |   Byte  |
|               Tag              |              Set               |  OffSet |  OffSet |
|-------------------------------------------------------------------------------------|
|     000000000000000000000000001|                              10|        0|      XX |
|-------------------------------------------------------------------------------------|
|                         27 bits|                          2 bits|   1 bits|   2 bits|
|-------------------------------------------------------------------------------------|

----------------------- Step: 022 to 030 || Trace: 2 d -----------------------

Location: CACHE
 Action = load operation  -  Access Type = hit 
 Cache Type = Accessing Unified Cache  -  Cache Level = 1 
|-------------------------------------------------------------------------------------|
|                         Byte Address: 000000000000000000000000001101XX (32 bits)    |
|                         Word Address: 000000000000000000000000001101   (30 bits)    |
|-------------------------------------------------------------------------------------|
|                              Block                              |   Word  |   Byte  |
|               Tag              |              Set               |  OffSet |  OffSet |
|-------------------------------------------------------------------------------------|
|     000000000000000000000000001|                              10|        1|      XX |
|-------------------------------------------------------------------------------------|
|                         27 bits|                          2 bits|   1 bits|   2 bits|
|-------------------------------------------------------------------------------------|

----------------------- Step: 023 to 030 || Trace: 2 3 -----------------------

Location: CACHE
 Action = load operation  -  Access Type = miss 
 Cache Type = Accessing Unified Cache  -  Cache Level = 1 
|-------------------------------------------------------------------------------------|
|                         Byte Address: 000000000000000000000000000011XX (32 bits)    |
|                         Word Address: 000000000000000000000000000011   (30 bits)    |
|-------------------------------------------------------------------------------------|
|                              Block                              |   Word  |   Byte  |
|               Tag              |              Set               |  OffSet |  OffSet |
|-------------------------------------------------------------------------------------|
|     000000000000000000000000000|                              01|        1|      XX |
|-------------------------------------------------------------------------------------|
|                         27 bits|                          2 bits|   1 bits|   2 bits|
|-------------------------------------------------------------------------------------|

Location: MAINMEMORY
Action = Loading data from Main Memory  
Block = 1 


Location: CACHE
 Action = store operation  -  Access Type = miss 
 Cache Type = Accessing Unified Cache  -  Cache Level = 1 
|-------------------------------------------------------------------------------------|
|                         Byte Address: 000000000000000000000000000011XX (32 bits)    |
|                         Word Address: 000000000000000000000000000011   (30 bits)    |
|-------------------------------------------------------------------------------------|
|                              Block                              |   Word  |   Byte  |
|               Tag              |              Set               |  OffSet |  OffSet |
|-------------------------------------------------------------------------------------|
|     000000000000000000000000000|                              01|        1|      XX |
|-------------------------------------------------------------------------------------|
|                         27 bits|                          2 bits|   1 bits|   2 bits|
|-------------------------------------------------------------------------------------|

----------------------- Step: 024 to 030 || Trace: 2 e -----------------------

Location: CACHE
 Action = load operation  -  Access Type = miss 
 Cache Type = Accessing Unified Cache  -  Cache Level = 1 
|-------------------------------------------------------------------------------------|
|                         Byte Address: 000000000000000000000000001110XX (32 bits)    |
|                         Word Address: 000000000000000000000000001110   (30 bits)    |
|-------------------------------------------------------------------------------------|
|                              Block                              |   Word  |   Byte  |
|               Tag              |              Set               |  OffSet |  OffSet |
|-------------------------------------------------------------------------------------|
|     000000000000000000000000001|                              11|        0|      XX |
|-------------------------------------------------------------------------------------|
|                         27 bits|                          2 bits|   1 bits|   2 bits|
|-------------------------------------------------------------------------------------|

Location: MAINMEMORY
Action = Loading data from Main Memory  
Block = 7 


Location: CACHE
 Action = store operation  -  Access Type = miss 
 Cache Type = Accessing Unified Cache  -  Cache Level = 1 
|-------------------------------------------------------------------------------------|
|                         Byte Address: 000000000000000000000000001110XX (32 bits)    |
|                         Word Address: 000000000000000000000000001110   (30 bits)    |
|-------------------------------------------------------------------------------------|
|                              Block                              |   Word  |   Byte  |
|               Tag              |              Set               |  OffSet |  OffSet |
|-------------------------------------------------------------------------------------|
|     000000000000000000000000001|                              11|        0|      XX |
|-------------------------------------------------------------------------------------|
|                         27 bits|                          2 bits|   1 bits|   2 bits|
|-------------------------------------------------------------------------------------|

----------------------- Step: 025 to 030 || Trace: 2 f -----------------------

Location: CACHE
 Action = load operation  -  Access Type = hit 
 Cache Type = Accessing Unified Cache  -  Cache Level = 1 
|-------------------------------------------------------------------------------------|
|                         Byte Address: 000000000000000000000000001111XX (32 bits)    |
|                         Word Address: 000000000000000000000000001111   (30 bits)    |
|-------------------------------------------------------------------------------------|
|                              Block                              |   Word  |   Byte  |
|               Tag              |              Set               |  OffSet |  OffSet |
|-------------------------------------------------------------------------------------|
|     000000000000000000000000001|                              11|        1|      XX |
|-------------------------------------------------------------------------------------|
|                         27 bits|                          2 bits|   1 bits|   2 bits|
|-------------------------------------------------------------------------------------|

----------------------- Step: 026 to 030 || Trace: 2 d -----------------------

Location: CACHE
 Action = load operation  -  Access Type = hit 
 Cache Type = Accessing Unified Cache  -  Cache Level = 1 
|-------------------------------------------------------------------------------------|
|                         Byte Address: 000000000000000000000000001101XX (32 bits)    |
|                         Word Address: 000000000000000000000000001101   (30 bits)    |
|-------------------------------------------------------------------------------------|
|                              Block                              |   Word  |   Byte  |
|               Tag              |              Set               |  OffSet |  OffSet |
|-------------------------------------------------------------------------------------|
|     000000000000000000000000001|                              10|        1|      XX |
|-------------------------------------------------------------------------------------|
|                         27 bits|                          2 bits|   1 bits|   2 bits|
|-------------------------------------------------------------------------------------|

----------------------- Step: 027 to 030 || Trace: 2 f -----------------------

Location: CACHE
 Action = load operation  -  Access Type = hit 
 Cache Type = Accessing Unified Cache  -  Cache Level = 1 
|-------------------------------------------------------------------------------------|
|                         Byte Address: 000000000000000000000000001111XX (32 bits)    |
|                         Word Address: 000000000000000000000000001111   (30 bits)    |
|-------------------------------------------------------------------------------------|
|                              Block                              |   Word  |   Byte  |
|               Tag              |              Set               |  OffSet |  OffSet |
|-------------------------------------------------------------------------------------|
|     000000000000000000000000001|                              11|        1|      XX |
|-------------------------------------------------------------------------------------|
|                         27 bits|                          2 bits|   1 bits|   2 bits|
|-------------------------------------------------------------------------------------|

----------------------- Step: 028 to 030 || Trace: 2 4 -----------------------

Location: CACHE
 Action = load operation  -  Access Type = miss 
 Cache Type = Accessing Unified Cache  -  Cache Level = 1 
|-------------------------------------------------------------------------------------|
|                         Byte Address: 000000000000000000000000000100XX (32 bits)    |
|                         Word Address: 000000000000000000000000000100   (30 bits)    |
|-------------------------------------------------------------------------------------|
|                              Block                              |   Word  |   Byte  |
|               Tag              |              Set               |  OffSet |  OffSet |
|-------------------------------------------------------------------------------------|
|     000000000000000000000000000|                              10|        0|      XX |
|-------------------------------------------------------------------------------------|
|                         27 bits|                          2 bits|   1 bits|   2 bits|
|-------------------------------------------------------------------------------------|

Location: MAINMEMORY
Action = Loading data from Main Memory  
Block = 2 


Location: CACHE
 Action = store operation  -  Access Type = miss 
 Cache Type = Accessing Unified Cache  -  Cache Level = 1 
|-------------------------------------------------------------------------------------|
|                         Byte Address: 000000000000000000000000000100XX (32 bits)    |
|                         Word Address: 000000000000000000000000000100   (30 bits)    |
|-------------------------------------------------------------------------------------|
|                              Block                              |   Word  |   Byte  |
|               Tag              |              Set               |  OffSet |  OffSet |
|-------------------------------------------------------------------------------------|
|     000000000000000000000000000|                              10|        0|      XX |
|-------------------------------------------------------------------------------------|
|                         27 bits|                          2 bits|   1 bits|   2 bits|
|-------------------------------------------------------------------------------------|

----------------------- Step: 029 to 030 || Trace: 2 5 -----------------------

Location: CACHE
 Action = load operation  -  Access Type = hit 
 Cache Type = Accessing Unified Cache  -  Cache Level = 1 
|-------------------------------------------------------------------------------------|
|                         Byte Address: 000000000000000000000000000101XX (32 bits)    |
|                         Word Address: 000000000000000000000000000101   (30 bits)    |
|-------------------------------------------------------------------------------------|
|                              Block                              |   Word  |   Byte  |
|               Tag              |              Set               |  OffSet |  OffSet |
|-------------------------------------------------------------------------------------|
|     000000000000000000000000000|                              10|        1|      XX |
|-------------------------------------------------------------------------------------|
|                         27 bits|                          2 bits|   1 bits|   2 bits|
|-------------------------------------------------------------------------------------|

----------------------- Step: 030 to 030 || Trace: 2 c -----------------------

Location: CACHE
 Action = load operation  -  Access Type = miss 
 Cache Type = Accessing Unified Cache  -  Cache Level = 1 
|-------------------------------------------------------------------------------------|
|                         Byte Address: 000000000000000000000000001100XX (32 bits)    |
|                         Word Address: 000000000000000000000000001100   (30 bits)    |
|-------------------------------------------------------------------------------------|
|                              Block                              |   Word  |   Byte  |
|               Tag              |              Set               |  OffSet |  OffSet |
|-------------------------------------------------------------------------------------|
|     000000000000000000000000001|                              10|        0|      XX |
|-------------------------------------------------------------------------------------|
|                         27 bits|                          2 bits|   1 bits|   2 bits|
|-------------------------------------------------------------------------------------|

Location: MAINMEMORY
Action = Loading data from Main Memory  
Block = 6 


Location: CACHE
 Action = store operation  -  Access Type = miss 
 Cache Type = Accessing Unified Cache  -  Cache Level = 1 
|-------------------------------------------------------------------------------------|
|                         Byte Address: 000000000000000000000000001100XX (32 bits)    |
|                         Word Address: 000000000000000000000000001100   (30 bits)    |
|-------------------------------------------------------------------------------------|
|                              Block                              |   Word  |   Byte  |
|               Tag              |              Set               |  OffSet |  OffSet |
|-------------------------------------------------------------------------------------|
|     000000000000000000000000001|                              10|        0|      XX |
|-------------------------------------------------------------------------------------|
|                         27 bits|                          2 bits|   1 bits|   2 bits|
|-------------------------------------------------------------------------------------|

------------------------------
---       Statistics       ---
------------------------------

Unified Cache - Level 1
  Read Access: 30
  Read Cycles: 30
  Read Time: 30
  Write Access: 0
  Write Cycles: 0
  Write Time: 0
  Total Access: 30
  Total Hit: 14
  Total Miss: 16
  Hit/rate: 0.46666667
  Total Time: 30

Main Memory
  Read Access: 16
  Read Cycles: 16
  Read Time: 160
  Write Access: 0
  Write Cycles: 0
  Write Time: 0
  Total Access: 16
  Total Time: 160

 Total Time: 190