------------------------------
---       Statistics       ---
------------------------------

Main Memory
  Read Access: 10
  Read Cycles: 10
  Read Time: 100
  Write Access: 0
  Write Cycles: 0
  Write Time: 0
  Total Access: 10
  Total Time: 100

Disk
  Read Access: 0
  Read Cycles: 0
  Read Time: 0
  Write Access: 0
  Write Cycles: 0
  Write Time: 0
  Total Time: 0

Page Table
  Read Access: 5
  Read Cycles: 5
  Read Time: 50
  Write Access: 0
  Write Cycles: 0
  Write Time: 0
  Total Access: 5
  Page Fault: 0
  Total Time: 50

 Total Time: 100