------------------------------
---       Statistics       ---
------------------------------

Unified Cache - Level 1
  Read Access: 30
  Read Cycles: 30
  Read Time: 30
  Write Access: 0
  Write Cycles: 0
  Write Time: 0
  Total Access: 30
  Total Hit: 19
  Total Miss: 11
  Hit/rate: 0.6333333
  Total Time: 30

Unified Cache - Level 2
  Read Access: 30
  Read Cycles: 30
  Read Time: 30
  Write Access: 0
  Write Cycles: 0
  Write Time: 0
  Total Access: 30
  Total Hit: 19
  Total Miss: 11
  Hit/rate: 0.6333333
  Total Time: 30

Unified Cache - Level 3
  Read Access: 30
  Read Cycles: 30
  Read Time: 30
  Write Access: 0
  Write Cycles: 0
  Write Time: 0
  Total Access: 30
  Total Hit: 19
  Total Miss: 11
  Hit/rate: 0.6333333
  Total Time: 30

Main Memory
  Read Access: 25
  Read Cycles: 25
  Read Time: 250
  Write Access: 0
  Write Cycles: 0
  Write Time: 0
  Total Access: 25
  Total Time: 250

Disk
  Read Access: 0
  Read Cycles: 0
  Read Time: 0
  Write Access: 0
  Write Cycles: 0
  Write Time: 0
  Total Time: 0

Page Table
  Read Access: 14
  Read Cycles: 14
  Read Time: 140
  Write Access: 0
  Write Cycles: 0
  Write Time: 0
  Total Access: 14
  Page Fault: 0
  Total Time: 140

TLB
  Read Access: 30
  Read Cycles: 30
  Read Time: 30
  Write Access: 14
  Write Cycles: 28
  Write Time: 28
  Total Access: 30
  Total Hit: 16
  Total Miss: 14
  Hit rate: 0.53333336
  Total Time: 58

 Total Time: 338